#################################################################
# If you used AutoDock Vina in your work, please cite:          #
#                                                               #
# O. Trott, A. J. Olson,                                        #
# AutoDock Vina: improving the speed and accuracy of docking    #
# with a new scoring function, efficient optimization and       #
# multithreading, Journal of Computational Chemistry 31 (2010)  #
# 455-461                                                       #
#                                                               #
# DOI 10.1002/jcc.21334                                         #
#                                                               #
# Please see http://vina.scripps.edu for more information.      #
#################################################################

Detected 8 CPUs
Reading input ... done.
Setting up the scoring function ... done.
Analyzing the binding site ... done.
Using random seed: 43047904
Performing search ... done.
Refining results ... done.

mode |   affinity | dist from best mode
     | (kcal/mol) | rmsd l.b.| rmsd u.b.
-----+------------+----------+----------
   1         -1.8      0.000      0.000
   2         -1.7      1.424      1.684
   3         -1.4      2.845      2.845
   4         -1.2      4.943      8.340
   5         -1.1      5.451      5.938
   6         -1.1      4.403      6.710
   7         -1.1      4.943      5.373
   8         -1.1      5.914      5.914
   9         -1.1      5.006      6.215
Writing output ... done.
