#################################################################
# If you used AutoDock Vina in your work, please cite:          #
#                                                               #
# O. Trott, A. J. Olson,                                        #
# AutoDock Vina: improving the speed and accuracy of docking    #
# with a new scoring function, efficient optimization and       #
# multithreading, Journal of Computational Chemistry 31 (2010)  #
# 455-461                                                       #
#                                                               #
# DOI 10.1002/jcc.21334                                         #
#                                                               #
# Please see http://vina.scripps.edu for more information.      #
#################################################################

Detected 8 CPUs
Reading input ... done.
Setting up the scoring function ... done.
Analyzing the binding site ... done.
Using random seed: -492264701
Performing search ... done.
Refining results ... done.

mode |   affinity | dist from best mode
     | (kcal/mol) | rmsd l.b.| rmsd u.b.
-----+------------+----------+----------
   1         -1.8      0.000      0.000
   2         -1.7      2.517      3.159
   3         -1.6      1.946      2.474
   4         -1.5      4.877      5.526
   5         -1.4      2.517      2.517
   6         -1.3      2.127      2.173
   7         -1.2      3.556      4.031
   8         -1.1      5.084      7.880
   9         -1.0      4.995      5.582
Writing output ... done.
